# JRE version: OpenJDK Runtime Environment (8.0_152-b01) (build 1.8.0_152-release-1343-b01)
# Java VM: OpenJDK 64-Bit Server VM (25.152-b01 mixed mode windows-amd64 compressed oops)
Heap:
 PSYoungGen      total 192000K, used 51628K [0x00000000e0000000, 0x00000000edd00000, 0x0000000100000000)
  eden space 172032K, 30% used [0x00000000e0000000,0x00000000e326b308,0x00000000ea800000)
  from space 19968K, 0% used [0x00000000eb200000,0x00000000eb200000,0x00000000ec580000)
  to   space 24064K, 0% used [0x00000000ec580000,0x00000000ec580000,0x00000000edd00000)
 ParOldGen       total 137728K, used 48446K [0x00000000a0000000, 0x00000000a8680000, 0x00000000e0000000)
  object space 137728K, 35% used [0x00000000a0000000,0x00000000a2f4f8f8,0x00000000a8680000)
 Metaspace       used 97616K, capacity 100902K, committed 102552K, reserved 1138688K
  class space    used 12036K, capacity 12646K, committed 12952K, reserved 1048576K
GC Heap History (10 events):
Event: 10874.761 GC heap before
{Heap before GC invocations=23 (full 3):
 PSYoungGen      total 210944K, used 210719K [0x00000000e0000000, 0x00000000eff00000, 0x0000000100000000)
  eden space 200704K, 100% used [0x00000000e0000000,0x00000000ec400000,0x00000000ec400000)
  from space 10240K, 97% used [0x00000000edb80000,0x00000000ee547e08,0x00000000ee580000)
  to   space 23552K, 0% used [0x00000000ee800000,0x00000000ee800000,0x00000000eff00000)
 ParOldGen       total 95744K, used 54331K [0x00000000a0000000, 0x00000000a5d80000, 0x00000000e0000000)
  object space 95744K, 56% used [0x00000000a0000000,0x00000000a350ec58,0x00000000a5d80000)
 Metaspace       used 89386K, capacity 92902K, committed 93208K, reserved 1130496K
  class space    used 11105K, capacity 11728K, committed 11800K, reserved 1048576K
Event: 10874.805 GC heap after
Heap after GC invocations=23 (full 3):
 PSYoungGen      total 212992K, used 19545K [0x00000000e0000000, 0x00000000efb80000, 0x0000000100000000)
  eden space 193024K, 0% used [0x00000000e0000000,0x00000000e0000000,0x00000000ebc80000)
  from space 19968K, 97% used [0x00000000ee800000,0x00000000efb16400,0x00000000efb80000)
  to   space 25600K, 0% used [0x00000000ec980000,0x00000000ec980000,0x00000000ee280000)
 ParOldGen       total 95744K, used 54339K [0x00000000a0000000, 0x00000000a5d80000, 0x00000000e0000000)
  object space 95744K, 56% used [0x00000000a0000000,0x00000000a3510c58,0x00000000a5d80000)
 Metaspace       used 89386K, capacity 92902K, committed 93208K, reserved 1130496K
  class space    used 11105K, capacity 11728K, committed 11800K, reserved 1048576K
}
Event: 12042.878 GC heap before
{Heap before GC invocations=24 (full 3):
 PSYoungGen      total 212992K, used 212569K [0x00000000e0000000, 0x00000000efb80000, 0x0000000100000000)
  eden space 193024K, 100% used [0x00000000e0000000,0x00000000ebc80000,0x00000000ebc80000)
  from space 19968K, 97% used [0x00000000ee800000,0x00000000efb16400,0x00000000efb80000)
  to   space 25600K, 0% used [0x00000000ec980000,0x00000000ec980000,0x00000000ee280000)
 ParOldGen       total 95744K, used 54339K [0x00000000a0000000, 0x00000000a5d80000, 0x00000000e0000000)
  object space 95744K, 56% used [0x00000000a0000000,0x00000000a3510c58,0x00000000a5d80000)
 Metaspace       used 89833K, capacity 93382K, committed 93464K, reserved 1130496K
  class space    used 11140K, capacity 11762K, committed 11800K, reserved 1048576K
Event: 12043.271 GC heap after
Heap after GC invocations=24 (full 3):
 PSYoungGen      total 194560K, used 8544K [0x00000000e0000000, 0x00000000ee880000, 0x0000000100000000)
  eden space 185856K, 0% used [0x00000000e0000000,0x00000000e0000000,0x00000000eb580000)
  from space 8704K, 98% used [0x00000000ec980000,0x00000000ed1d8090,0x00000000ed200000)
  to   space 23040K, 0% used [0x00000000ed200000,0x00000000ed200000,0x00000000ee880000)
 ParOldGen       total 95744K, used 54347K [0x00000000a0000000, 0x00000000a5d80000, 0x00000000e0000000)
  object space 95744K, 56% used [0x00000000a0000000,0x00000000a3512c58,0x00000000a5d80000)
 Metaspace       used 89833K, capacity 93382K, committed 93464K, reserved 1130496K
  class space    used 11140K, capacity 11762K, committed 11800K, reserved 1048576K
}
Event: 14071.679 GC heap before
{Heap before GC invocations=25 (full 3):
 PSYoungGen      total 194560K, used 194400K [0x00000000e0000000, 0x00000000ee880000, 0x0000000100000000)
  eden space 185856K, 100% used [0x00000000e0000000,0x00000000eb580000,0x00000000eb580000)
  from space 8704K, 98% used [0x00000000ec980000,0x00000000ed1d8090,0x00000000ed200000)
  to   space 23040K, 0% used [0x00000000ed200000,0x00000000ed200000,0x00000000ee880000)
 ParOldGen       total 95744K, used 54347K [0x00000000a0000000, 0x00000000a5d80000, 0x00000000e0000000)
  object space 95744K, 56% used [0x00000000a0000000,0x00000000a3512c58,0x00000000a5d80000)
 Metaspace       used 90285K, capacity 94060K, committed 94360K, reserved 1132544K
  class space    used 11189K, capacity 11851K, committed 11928K, reserved 1048576K
Event: 14072.034 GC heap after
Heap after GC invocations=25 (full 3):
 PSYoungGen      total 197120K, used 18214K [0x00000000e0000000, 0x00000000ee400000, 0x0000000100000000)
  eden space 178688K, 0% used [0x00000000e0000000,0x00000000e0000000,0x00000000eae80000)
  from space 18432K, 98% used [0x00000000ed200000,0x00000000ee3c9810,0x00000000ee400000)
  to   space 25600K, 0% used [0x00000000eb200000,0x00000000eb200000,0x00000000ecb00000)
 ParOldGen       total 95744K, used 54355K [0x00000000a0000000, 0x00000000a5d80000, 0x00000000e0000000)
  object space 95744K, 56% used [0x00000000a0000000,0x00000000a3514c58,0x00000000a5d80000)
 Metaspace       used 90285K, capacity 94060K, committed 94360K, reserved 1132544K
  class space    used 11189K, capacity 11851K, committed 11928K, reserved 1048576K
}
Event: 14076.983 GC heap before
{Heap before GC invocations=26 (full 3):
 PSYoungGen      total 197120K, used 122867K [0x00000000e0000000, 0x00000000ee400000, 0x0000000100000000)
  eden space 178688K, 58% used [0x00000000e0000000,0x00000000e6633728,0x00000000eae80000)
  from space 18432K, 98% used [0x00000000ed200000,0x00000000ee3c9810,0x00000000ee400000)
  to   space 25600K, 0% used [0x00000000eb200000,0x00000000eb200000,0x00000000ecb00000)
 ParOldGen       total 95744K, used 54355K [0x00000000a0000000, 0x00000000a5d80000, 0x00000000e0000000)
  object space 95744K, 56% used [0x00000000a0000000,0x00000000a3514c58,0x00000000a5d80000)
 Metaspace       used 94407K, capacity 98456K, committed 98584K, reserved 1134592K
  class space    used 11735K, capacity 12449K, committed 12568K, reserved 1048576K
Event: 14077.082 GC heap after
Heap after GC invocations=26 (full 3):
 PSYoungGen      total 192000K, used 19669K [0x00000000e0000000, 0x00000000edd00000, 0x0000000100000000)
  eden space 172032K, 0% used [0x00000000e0000000,0x00000000e0000000,0x00000000ea800000)
  from space 19968K, 98% used [0x00000000eb200000,0x00000000ec535448,0x00000000ec580000)
  to   space 24064K, 0% used [0x00000000ec580000,0x00000000ec580000,0x00000000edd00000)
 ParOldGen       total 95744K, used 54363K [0x00000000a0000000, 0x00000000a5d80000, 0x00000000e0000000)
  object space 95744K, 56% used [0x00000000a0000000,0x00000000a3516c58,0x00000000a5d80000)
 Metaspace       used 94407K, capacity 98456K, committed 98584K, reserved 1134592K
  class space    used 11735K, capacity 12449K, committed 12568K, reserved 1048576K
}
Event: 14077.083 GC heap before
{Heap before GC invocations=27 (full 4):
 PSYoungGen      total 192000K, used 19669K [0x00000000e0000000, 0x00000000edd00000, 0x0000000100000000)
  eden space 172032K, 0% used [0x00000000e0000000,0x00000000e0000000,0x00000000ea800000)
  from space 19968K, 98% used [0x00000000eb200000,0x00000000ec535448,0x00000000ec580000)
  to   space 24064K, 0% used [0x00000000ec580000,0x00000000ec580000,0x00000000edd00000)
 ParOldGen       total 95744K, used 54363K [0x00000000a0000000, 0x00000000a5d80000, 0x00000000e0000000)
  object space 95744K, 56% used [0x00000000a0000000,0x00000000a3516c58,0x00000000a5d80000)
 Metaspace       used 94407K, capacity 98456K, committed 98584K, reserved 1134592K
  class space    used 11735K, capacity 12449K, committed 12568K, reserved 1048576K
Event: 14080.642 GC heap after
Heap after GC invocations=27 (full 4):
 PSYoungGen      total 192000K, used 0K [0x00000000e0000000, 0x00000000edd00000, 0x0000000100000000)
  eden space 172032K, 0% used [0x00000000e0000000,0x00000000e0000000,0x00000000ea800000)
  from space 19968K, 0% used [0x00000000eb200000,0x00000000eb200000,0x00000000ec580000)
  to   space 24064K, 0% used [0x00000000ec580000,0x00000000ec580000,0x00000000edd00000)
 ParOldGen       total 137728K, used 48446K [0x00000000a0000000, 0x00000000a8680000, 0x00000000e0000000)
  object space 137728K, 35% used [0x00000000a0000000,0x00000000a2f4f8f8,0x00000000a8680000)
 Metaspace       used 92933K, capacity 95710K, committed 98584K, reserved 1134592K
  class space    used 11467K, capacity 12002K, committed 12568K, reserved 1048576K
}

