# JRE version: OpenJDK Runtime Environment (8.0_152-b01) (build 1.8.0_152-release-1343-b01)
# Java VM: OpenJDK 64-Bit Server VM (25.152-b01 mixed mode windows-amd64 compressed oops)
Heap:
 PSYoungGen      total 182272K, used 70094K [0x00000000e0000000, 0x00000000efc00000, 0x0000000100000000)
  eden space 175104K, 36% used [0x00000000e0000000,0x00000000e3dd1088,0x00000000eab00000)
  from space 7168K, 94% used [0x00000000eb180000,0x00000000eb822810,0x00000000eb880000)
  to   space 41472K, 0% used [0x00000000ed380000,0x00000000ed380000,0x00000000efc00000)
 ParOldGen       total 142336K, used 110600K [0x00000000a0000000, 0x00000000a8b00000, 0x00000000e0000000)
  object space 142336K, 77% used [0x00000000a0000000,0x00000000a6c023b8,0x00000000a8b00000)
 Metaspace       used 103533K, capacity 110262K, committed 110680K, reserved 1146880K
  class space    used 12636K, capacity 13792K, committed 13912K, reserved 1048576K
GC Heap History (10 events):
Event: 17614.483 GC heap before
{Heap before GC invocations=99 (full 4):
 PSYoungGen      total 237568K, used 214395K [0x00000000e0000000, 0x00000000f0e80000, 0x0000000100000000)
  eden space 204288K, 100% used [0x00000000e0000000,0x00000000ec780000,0x00000000ec780000)
  from space 33280K, 30% used [0x00000000eee00000,0x00000000ef7dec68,0x00000000f0e80000)
  to   space 36352K, 0% used [0x00000000ec780000,0x00000000ec780000,0x00000000eeb00000)
 ParOldGen       total 142336K, used 110128K [0x00000000a0000000, 0x00000000a8b00000, 0x00000000e0000000)
  object space 142336K, 77% used [0x00000000a0000000,0x00000000a6b8c3b8,0x00000000a8b00000)
 Metaspace       used 103431K, capacity 110258K, committed 110680K, reserved 1146880K
  class space    used 12634K, capacity 13792K, committed 13912K, reserved 1048576K
Event: 17615.351 GC heap after
Heap after GC invocations=99 (full 4):
 PSYoungGen      total 240640K, used 35541K [0x00000000e0000000, 0x00000000f2600000, 0x0000000100000000)
  eden space 204288K, 0% used [0x00000000e0000000,0x00000000e0000000,0x00000000ec780000)
  from space 36352K, 97% used [0x00000000ec780000,0x00000000eea355a0,0x00000000eeb00000)
  to   space 41472K, 0% used [0x00000000efd80000,0x00000000efd80000,0x00000000f2600000)
 ParOldGen       total 142336K, used 110160K [0x00000000a0000000, 0x00000000a8b00000, 0x00000000e0000000)
  object space 142336K, 77% used [0x00000000a0000000,0x00000000a6b943b8,0x00000000a8b00000)
 Metaspace       used 103431K, capacity 110258K, committed 110680K, reserved 1146880K
  class space    used 12634K, capacity 13792K, committed 13912K, reserved 1048576K
}
Event: 17984.611 GC heap before
{Heap before GC invocations=100 (full 4):
 PSYoungGen      total 240640K, used 239829K [0x00000000e0000000, 0x00000000f2600000, 0x0000000100000000)
  eden space 204288K, 100% used [0x00000000e0000000,0x00000000ec780000,0x00000000ec780000)
  from space 36352K, 97% used [0x00000000ec780000,0x00000000eea355a0,0x00000000eeb00000)
  to   space 41472K, 0% used [0x00000000efd80000,0x00000000efd80000,0x00000000f2600000)
 ParOldGen       total 142336K, used 110160K [0x00000000a0000000, 0x00000000a8b00000, 0x00000000e0000000)
  object space 142336K, 77% used [0x00000000a0000000,0x00000000a6b943b8,0x00000000a8b00000)
 Metaspace       used 103463K, capacity 110258K, committed 110680K, reserved 1146880K
  class space    used 12635K, capacity 13792K, committed 13912K, reserved 1048576K
Event: 17985.391 GC heap after
Heap after GC invocations=100 (full 4):
 PSYoungGen      total 226304K, used 29203K [0x00000000e0000000, 0x00000000f1a80000, 0x0000000100000000)
  eden space 196608K, 0% used [0x00000000e0000000,0x00000000e0000000,0x00000000ec000000)
  from space 29696K, 98% used [0x00000000efd80000,0x00000000f1a04cd0,0x00000000f1a80000)
  to   space 43520K, 0% used [0x00000000ec580000,0x00000000ec580000,0x00000000ef000000)
 ParOldGen       total 142336K, used 110304K [0x00000000a0000000, 0x00000000a8b00000, 0x00000000e0000000)
  object space 142336K, 77% used [0x00000000a0000000,0x00000000a6bb83b8,0x00000000a8b00000)
 Metaspace       used 103463K, capacity 110258K, committed 110680K, reserved 1146880K
  class space    used 12635K, capacity 13792K, committed 13912K, reserved 1048576K
}
Event: 18166.465 GC heap before
{Heap before GC invocations=101 (full 4):
 PSYoungGen      total 226304K, used 225811K [0x00000000e0000000, 0x00000000f1a80000, 0x0000000100000000)
  eden space 196608K, 100% used [0x00000000e0000000,0x00000000ec000000,0x00000000ec000000)
  from space 29696K, 98% used [0x00000000efd80000,0x00000000f1a04cd0,0x00000000f1a80000)
  to   space 43520K, 0% used [0x00000000ec580000,0x00000000ec580000,0x00000000ef000000)
 ParOldGen       total 142336K, used 110304K [0x00000000a0000000, 0x00000000a8b00000, 0x00000000e0000000)
  object space 142336K, 77% used [0x00000000a0000000,0x00000000a6bb83b8,0x00000000a8b00000)
 Metaspace       used 103505K, capacity 110258K, committed 110680K, reserved 1146880K
  class space    used 12635K, capacity 13792K, committed 13912K, reserved 1048576K
Event: 18166.870 GC heap after
Heap after GC invocations=101 (full 4):
 PSYoungGen      total 198656K, used 9533K [0x00000000e0000000, 0x00000000f0b80000, 0x0000000100000000)
  eden space 188928K, 0% used [0x00000000e0000000,0x00000000e0000000,0x00000000eb880000)
  from space 9728K, 97% used [0x00000000ec580000,0x00000000ececf4b0,0x00000000ecf00000)
  to   space 42496K, 0% used [0x00000000ee200000,0x00000000ee200000,0x00000000f0b80000)
 ParOldGen       total 142336K, used 110344K [0x00000000a0000000, 0x00000000a8b00000, 0x00000000e0000000)
  object space 142336K, 77% used [0x00000000a0000000,0x00000000a6bc23b8,0x00000000a8b00000)
 Metaspace       used 103505K, capacity 110258K, committed 110680K, reserved 1146880K
  class space    used 12635K, capacity 13792K, committed 13912K, reserved 1048576K
}
Event: 18311.908 GC heap before
{Heap before GC invocations=102 (full 4):
 PSYoungGen      total 198656K, used 198461K [0x00000000e0000000, 0x00000000f0b80000, 0x0000000100000000)
  eden space 188928K, 100% used [0x00000000e0000000,0x00000000eb880000,0x00000000eb880000)
  from space 9728K, 97% used [0x00000000ec580000,0x00000000ececf4b0,0x00000000ecf00000)
  to   space 42496K, 0% used [0x00000000ee200000,0x00000000ee200000,0x00000000f0b80000)
 ParOldGen       total 142336K, used 110344K [0x00000000a0000000, 0x00000000a8b00000, 0x00000000e0000000)
  object space 142336K, 77% used [0x00000000a0000000,0x00000000a6bc23b8,0x00000000a8b00000)
 Metaspace       used 103521K, capacity 110258K, committed 110680K, reserved 1146880K
  class space    used 12635K, capacity 13792K, committed 13912K, reserved 1048576K
Event: 18312.254 GC heap after
Heap after GC invocations=102 (full 4):
 PSYoungGen      total 216064K, used 5297K [0x00000000e0000000, 0x00000000f0380000, 0x0000000100000000)
  eden space 181760K, 0% used [0x00000000e0000000,0x00000000e0000000,0x00000000eb180000)
  from space 34304K, 15% used [0x00000000ee200000,0x00000000ee72c640,0x00000000f0380000)
  to   space 41984K, 0% used [0x00000000eb180000,0x00000000eb180000,0x00000000eda80000)
 ParOldGen       total 142336K, used 110576K [0x00000000a0000000, 0x00000000a8b00000, 0x00000000e0000000)
  object space 142336K, 77% used [0x00000000a0000000,0x00000000a6bfc3b8,0x00000000a8b00000)
 Metaspace       used 103521K, capacity 110258K, committed 110680K, reserved 1146880K
  class space    used 12635K, capacity 13792K, committed 13912K, reserved 1048576K
}
Event: 18799.442 GC heap before
{Heap before GC invocations=103 (full 4):
 PSYoungGen      total 216064K, used 187057K [0x00000000e0000000, 0x00000000f0380000, 0x0000000100000000)
  eden space 181760K, 100% used [0x00000000e0000000,0x00000000eb180000,0x00000000eb180000)
  from space 34304K, 15% used [0x00000000ee200000,0x00000000ee72c640,0x00000000f0380000)
  to   space 41984K, 0% used [0x00000000eb180000,0x00000000eb180000,0x00000000eda80000)
 ParOldGen       total 142336K, used 110576K [0x00000000a0000000, 0x00000000a8b00000, 0x00000000e0000000)
  object space 142336K, 77% used [0x00000000a0000000,0x00000000a6bfc3b8,0x00000000a8b00000)
 Metaspace       used 103533K, capacity 110262K, committed 110680K, reserved 1146880K
  class space    used 12636K, capacity 13792K, committed 13912K, reserved 1048576K
Event: 18799.882 GC heap after
Heap after GC invocations=103 (full 4):
 PSYoungGen      total 182272K, used 6794K [0x00000000e0000000, 0x00000000efc00000, 0x0000000100000000)
  eden space 175104K, 0% used [0x00000000e0000000,0x00000000e0000000,0x00000000eab00000)
  from space 7168K, 94% used [0x00000000eb180000,0x00000000eb822810,0x00000000eb880000)
  to   space 41472K, 0% used [0x00000000ed380000,0x00000000ed380000,0x00000000efc00000)
 ParOldGen       total 142336K, used 110600K [0x00000000a0000000, 0x00000000a8b00000, 0x00000000e0000000)
  object space 142336K, 77% used [0x00000000a0000000,0x00000000a6c023b8,0x00000000a8b00000)
 Metaspace       used 103533K, capacity 110262K, committed 110680K, reserved 1146880K
  class space    used 12636K, capacity 13792K, committed 13912K, reserved 1048576K
}

