# JRE version: OpenJDK Runtime Environment (8.0_152-b01) (build 1.8.0_152-release-1343-b01)
# Java VM: OpenJDK 64-Bit Server VM (25.152-b01 mixed mode windows-amd64 compressed oops)
Heap:
 PSYoungGen      total 199168K, used 27426K [0x00000000e0000000, 0x00000000ede00000, 0x0000000100000000)
  eden space 177664K, 13% used [0x00000000e0000000,0x00000000e174e7a0,0x00000000ead80000)
  from space 21504K, 16% used [0x00000000ec200000,0x00000000ec57a2e8,0x00000000ed700000)
  to   space 20992K, 0% used [0x00000000ead80000,0x00000000ead80000,0x00000000ec200000)
 ParOldGen       total 73728K, used 56327K [0x00000000a0000000, 0x00000000a4800000, 0x00000000e0000000)
  object space 73728K, 76% used [0x00000000a0000000,0x00000000a3701c60,0x00000000a4800000)
 Metaspace       used 92355K, capacity 96534K, committed 96792K, reserved 1134592K
  class space    used 11731K, capacity 12477K, committed 12584K, reserved 1048576K
GC Heap History (10 events):
Event: 9346.290 GC heap before
{Heap before GC invocations=27 (full 3):
 PSYoungGen      total 168448K, used 168414K [0x00000000e0000000, 0x00000000ed080000, 0x0000000100000000)
  eden space 161792K, 100% used [0x00000000e0000000,0x00000000e9e00000,0x00000000e9e00000)
  from space 6656K, 99% used [0x00000000eb580000,0x00000000ebbf7a40,0x00000000ebc00000)
  to   space 20992K, 0% used [0x00000000ebc00000,0x00000000ebc00000,0x00000000ed080000)
 ParOldGen       total 73728K, used 48788K [0x00000000a0000000, 0x00000000a4800000, 0x00000000e0000000)
  object space 73728K, 66% used [0x00000000a0000000,0x00000000a2fa5310,0x00000000a4800000)
 Metaspace       used 90765K, capacity 94800K, committed 94872K, reserved 1132544K
  class space    used 11671K, capacity 12418K, committed 12456K, reserved 1048576K
Event: 9346.402 GC heap after
Heap after GC invocations=27 (full 3):
 PSYoungGen      total 167424K, used 11702K [0x00000000e0000000, 0x00000000ec780000, 0x0000000100000000)
  eden space 155648K, 0% used [0x00000000e0000000,0x00000000e0000000,0x00000000e9800000)
  from space 11776K, 99% used [0x00000000ebc00000,0x00000000ec76d958,0x00000000ec780000)
  to   space 22016K, 0% used [0x00000000e9c80000,0x00000000e9c80000,0x00000000eb200000)
 ParOldGen       total 73728K, used 48796K [0x00000000a0000000, 0x00000000a4800000, 0x00000000e0000000)
  object space 73728K, 66% used [0x00000000a0000000,0x00000000a2fa7310,0x00000000a4800000)
 Metaspace       used 90765K, capacity 94800K, committed 94872K, reserved 1132544K
  class space    used 11671K, capacity 12418K, committed 12456K, reserved 1048576K
}
Event: 9352.842 GC heap before
{Heap before GC invocations=28 (full 3):
 PSYoungGen      total 167424K, used 167350K [0x00000000e0000000, 0x00000000ec780000, 0x0000000100000000)
  eden space 155648K, 100% used [0x00000000e0000000,0x00000000e9800000,0x00000000e9800000)
  from space 11776K, 99% used [0x00000000ebc00000,0x00000000ec76d958,0x00000000ec780000)
  to   space 22016K, 0% used [0x00000000e9c80000,0x00000000e9c80000,0x00000000eb200000)
 ParOldGen       total 73728K, used 48796K [0x00000000a0000000, 0x00000000a4800000, 0x00000000e0000000)
  object space 73728K, 66% used [0x00000000a0000000,0x00000000a2fa7310,0x00000000a4800000)
 Metaspace       used 92009K, capacity 96078K, committed 96280K, reserved 1132544K
  class space    used 11708K, capacity 12469K, committed 12584K, reserved 1048576K
Event: 9353.462 GC heap after
Heap after GC invocations=28 (full 3):
 PSYoungGen      total 182272K, used 11364K [0x00000000e0000000, 0x00000000ed700000, 0x0000000100000000)
  eden space 160256K, 0% used [0x00000000e0000000,0x00000000e0000000,0x00000000e9c80000)
  from space 22016K, 51% used [0x00000000e9c80000,0x00000000ea7992d0,0x00000000eb200000)
  to   space 21504K, 0% used [0x00000000ec200000,0x00000000ec200000,0x00000000ed700000)
 ParOldGen       total 73728K, used 48804K [0x00000000a0000000, 0x00000000a4800000, 0x00000000e0000000)
  object space 73728K, 66% used [0x00000000a0000000,0x00000000a2fa9310,0x00000000a4800000)
 Metaspace       used 92009K, capacity 96078K, committed 96280K, reserved 1132544K
  class space    used 11708K, capacity 12469K, committed 12584K, reserved 1048576K
}
Event: 9360.062 GC heap before
{Heap before GC invocations=29 (full 3):
 PSYoungGen      total 182272K, used 171620K [0x00000000e0000000, 0x00000000ed700000, 0x0000000100000000)
  eden space 160256K, 100% used [0x00000000e0000000,0x00000000e9c80000,0x00000000e9c80000)
  from space 22016K, 51% used [0x00000000e9c80000,0x00000000ea7992d0,0x00000000eb200000)
  to   space 21504K, 0% used [0x00000000ec200000,0x00000000ec200000,0x00000000ed700000)
 ParOldGen       total 73728K, used 48804K [0x00000000a0000000, 0x00000000a4800000, 0x00000000e0000000)
  object space 73728K, 66% used [0x00000000a0000000,0x00000000a2fa9310,0x00000000a4800000)
 Metaspace       used 92145K, capacity 96292K, committed 96536K, reserved 1132544K
  class space    used 11712K, capacity 12472K, committed 12584K, reserved 1048576K
Event: 9360.453 GC heap after
Heap after GC invocations=29 (full 3):
 PSYoungGen      total 199168K, used 11876K [0x00000000e0000000, 0x00000000ede00000, 0x0000000100000000)
  eden space 177664K, 0% used [0x00000000e0000000,0x00000000e0000000,0x00000000ead80000)
  from space 21504K, 55% used [0x00000000ec200000,0x00000000ecd99088,0x00000000ed700000)
  to   space 20992K, 0% used [0x00000000ead80000,0x00000000ead80000,0x00000000ec200000)
 ParOldGen       total 73728K, used 48812K [0x00000000a0000000, 0x00000000a4800000, 0x00000000e0000000)
  object space 73728K, 66% used [0x00000000a0000000,0x00000000a2fab310,0x00000000a4800000)
 Metaspace       used 92145K, capacity 96292K, committed 96536K, reserved 1132544K
  class space    used 11712K, capacity 12472K, committed 12584K, reserved 1048576K
}
Event: 9362.192 GC heap before
{Heap before GC invocations=30 (full 3):
 PSYoungGen      total 199168K, used 189540K [0x00000000e0000000, 0x00000000ede00000, 0x0000000100000000)
  eden space 177664K, 100% used [0x00000000e0000000,0x00000000ead80000,0x00000000ead80000)
  from space 21504K, 55% used [0x00000000ec200000,0x00000000ecd99088,0x00000000ed700000)
  to   space 20992K, 0% used [0x00000000ead80000,0x00000000ead80000,0x00000000ec200000)
 ParOldGen       total 73728K, used 48812K [0x00000000a0000000, 0x00000000a4800000, 0x00000000e0000000)
  object space 73728K, 66% used [0x00000000a0000000,0x00000000a2fab310,0x00000000a4800000)
 Metaspace       used 92294K, capacity 96458K, committed 96792K, reserved 1134592K
  class space    used 11731K, capacity 12477K, committed 12584K, reserved 1048576K
Event: 9362.624 GC heap after
Heap after GC invocations=30 (full 3):
 PSYoungGen      total 198656K, used 10800K [0x00000000e0000000, 0x00000000ede00000, 0x0000000100000000)
  eden space 177664K, 0% used [0x00000000e0000000,0x00000000e0000000,0x00000000ead80000)
  from space 20992K, 51% used [0x00000000ead80000,0x00000000eb80c080,0x00000000ec200000)
  to   space 21504K, 0% used [0x00000000ec200000,0x00000000ec200000,0x00000000ed700000)
 ParOldGen       total 73728K, used 50678K [0x00000000a0000000, 0x00000000a4800000, 0x00000000e0000000)
  object space 73728K, 68% used [0x00000000a0000000,0x00000000a317dbf8,0x00000000a4800000)
 Metaspace       used 92294K, capacity 96458K, committed 96792K, reserved 1134592K
  class space    used 11731K, capacity 12477K, committed 12584K, reserved 1048576K
}
Event: 9366.741 GC heap before
{Heap before GC invocations=31 (full 3):
 PSYoungGen      total 198656K, used 188464K [0x00000000e0000000, 0x00000000ede00000, 0x0000000100000000)
  eden space 177664K, 100% used [0x00000000e0000000,0x00000000ead80000,0x00000000ead80000)
  from space 20992K, 51% used [0x00000000ead80000,0x00000000eb80c080,0x00000000ec200000)
  to   space 21504K, 0% used [0x00000000ec200000,0x00000000ec200000,0x00000000ed700000)
 ParOldGen       total 73728K, used 51027K [0x00000000a0000000, 0x00000000a4800000, 0x00000000e0000000)
  object space 73728K, 69% used [0x00000000a0000000,0x00000000a31d4f10,0x00000000a4800000)
 Metaspace       used 92332K, capacity 96466K, committed 96792K, reserved 1134592K
  class space    used 11731K, capacity 12477K, committed 12584K, reserved 1048576K
Event: 9366.793 GC heap after
Heap after GC invocations=31 (full 3):
 PSYoungGen      total 199168K, used 3560K [0x00000000e0000000, 0x00000000ede00000, 0x0000000100000000)
  eden space 177664K, 0% used [0x00000000e0000000,0x00000000e0000000,0x00000000ead80000)
  from space 21504K, 16% used [0x00000000ec200000,0x00000000ec57a2e8,0x00000000ed700000)
  to   space 20992K, 0% used [0x00000000ead80000,0x00000000ead80000,0x00000000ec200000)
 ParOldGen       total 73728K, used 56327K [0x00000000a0000000, 0x00000000a4800000, 0x00000000e0000000)
  object space 73728K, 76% used [0x00000000a0000000,0x00000000a3701c60,0x00000000a4800000)
 Metaspace       used 92332K, capacity 96466K, committed 96792K, reserved 1134592K
  class space    used 11731K, capacity 12477K, committed 12584K, reserved 1048576K
}

