# JRE version: OpenJDK Runtime Environment (8.0_152-b01) (build 1.8.0_152-release-1343-b01)
# Java VM: OpenJDK 64-Bit Server VM (25.152-b01 mixed mode windows-amd64 compressed oops)
Heap:
 PSYoungGen      total 329216K, used 264506K [0x00000000e0000000, 0x00000000f5780000, 0x0000000100000000)
  eden space 309760K, 81% used [0x00000000e0000000,0x00000000ef6ae6c8,0x00000000f2e80000)
  from space 19456K, 61% used [0x00000000f2e80000,0x00000000f3a203f0,0x00000000f4180000)
  to   space 18944K, 0% used [0x00000000f4500000,0x00000000f4500000,0x00000000f5780000)
 ParOldGen       total 109568K, used 39437K [0x00000000a0000000, 0x00000000a6b00000, 0x00000000e0000000)
  object space 109568K, 35% used [0x00000000a0000000,0x00000000a2683728,0x00000000a6b00000)
 Metaspace       used 99810K, capacity 105984K, committed 106136K, reserved 1142784K
  class space    used 12390K, capacity 13413K, committed 13480K, reserved 1048576K
GC Heap History (10 events):
Event: 11335.048 GC heap before
{Heap before GC invocations=39 (full 4):
 PSYoungGen      total 321024K, used 308597K [0x00000000e0000000, 0x00000000f4e00000, 0x0000000100000000)
  eden space 301056K, 100% used [0x00000000e0000000,0x00000000f2600000,0x00000000f2600000)
  from space 19968K, 37% used [0x00000000f3a80000,0x00000000f41dd5c0,0x00000000f4e00000)
  to   space 20480K, 0% used [0x00000000f2600000,0x00000000f2600000,0x00000000f3a00000)
 ParOldGen       total 109568K, used 38777K [0x00000000a0000000, 0x00000000a6b00000, 0x00000000e0000000)
  object space 109568K, 35% used [0x00000000a0000000,0x00000000a25de6c0,0x00000000a6b00000)
 Metaspace       used 99186K, capacity 105416K, committed 105624K, reserved 1140736K
  class space    used 12382K, capacity 13407K, committed 13480K, reserved 1048576K
Event: 11335.352 GC heap after
Heap after GC invocations=39 (full 4):
 PSYoungGen      total 321536K, used 6496K [0x00000000e0000000, 0x00000000f5200000, 0x0000000100000000)
  eden space 301056K, 0% used [0x00000000e0000000,0x00000000e0000000,0x00000000f2600000)
  from space 20480K, 31% used [0x00000000f2600000,0x00000000f2c58010,0x00000000f3a00000)
  to   space 20480K, 0% used [0x00000000f3e00000,0x00000000f3e00000,0x00000000f5200000)
 ParOldGen       total 109568K, used 38777K [0x00000000a0000000, 0x00000000a6b00000, 0x00000000e0000000)
  object space 109568K, 35% used [0x00000000a0000000,0x00000000a25de6c0,0x00000000a6b00000)
 Metaspace       used 99186K, capacity 105416K, committed 105624K, reserved 1140736K
  class space    used 12382K, capacity 13407K, committed 13480K, reserved 1048576K
}
Event: 11560.872 GC heap before
{Heap before GC invocations=40 (full 4):
 PSYoungGen      total 321536K, used 307552K [0x00000000e0000000, 0x00000000f5200000, 0x0000000100000000)
  eden space 301056K, 100% used [0x00000000e0000000,0x00000000f2600000,0x00000000f2600000)
  from space 20480K, 31% used [0x00000000f2600000,0x00000000f2c58010,0x00000000f3a00000)
  to   space 20480K, 0% used [0x00000000f3e00000,0x00000000f3e00000,0x00000000f5200000)
 ParOldGen       total 109568K, used 38777K [0x00000000a0000000, 0x00000000a6b00000, 0x00000000e0000000)
  object space 109568K, 35% used [0x00000000a0000000,0x00000000a25de6c0,0x00000000a6b00000)
 Metaspace       used 99316K, capacity 105480K, committed 105624K, reserved 1140736K
  class space    used 12382K, capacity 13407K, committed 13480K, reserved 1048576K
Event: 11561.180 GC heap after
Heap after GC invocations=40 (full 4):
 PSYoungGen      total 322560K, used 10287K [0x00000000e0000000, 0x00000000f4f80000, 0x0000000100000000)
  eden space 304640K, 0% used [0x00000000e0000000,0x00000000e0000000,0x00000000f2980000)
  from space 17920K, 57% used [0x00000000f3e00000,0x00000000f480bde8,0x00000000f4f80000)
  to   space 19456K, 0% used [0x00000000f2980000,0x00000000f2980000,0x00000000f3c80000)
 ParOldGen       total 109568K, used 38785K [0x00000000a0000000, 0x00000000a6b00000, 0x00000000e0000000)
  object space 109568K, 35% used [0x00000000a0000000,0x00000000a25e06c0,0x00000000a6b00000)
 Metaspace       used 99316K, capacity 105480K, committed 105624K, reserved 1140736K
  class space    used 12382K, capacity 13407K, committed 13480K, reserved 1048576K
}
Event: 11627.575 GC heap before
{Heap before GC invocations=41 (full 4):
 PSYoungGen      total 322560K, used 314927K [0x00000000e0000000, 0x00000000f4f80000, 0x0000000100000000)
  eden space 304640K, 100% used [0x00000000e0000000,0x00000000f2980000,0x00000000f2980000)
  from space 17920K, 57% used [0x00000000f3e00000,0x00000000f480bde8,0x00000000f4f80000)
  to   space 19456K, 0% used [0x00000000f2980000,0x00000000f2980000,0x00000000f3c80000)
 ParOldGen       total 109568K, used 38785K [0x00000000a0000000, 0x00000000a6b00000, 0x00000000e0000000)
  object space 109568K, 35% used [0x00000000a0000000,0x00000000a25e06c0,0x00000000a6b00000)
 Metaspace       used 99490K, capacity 105700K, committed 105880K, reserved 1142784K
  class space    used 12386K, capacity 13411K, committed 13480K, reserved 1048576K
Event: 11628.006 GC heap after
Heap after GC invocations=41 (full 4):
 PSYoungGen      total 324096K, used 10191K [0x00000000e0000000, 0x00000000f5480000, 0x0000000100000000)
  eden space 304640K, 0% used [0x00000000e0000000,0x00000000e0000000,0x00000000f2980000)
  from space 19456K, 52% used [0x00000000f2980000,0x00000000f3373dd8,0x00000000f3c80000)
  to   space 18944K, 0% used [0x00000000f4200000,0x00000000f4200000,0x00000000f5480000)
 ParOldGen       total 109568K, used 38793K [0x00000000a0000000, 0x00000000a6b00000, 0x00000000e0000000)
  object space 109568K, 35% used [0x00000000a0000000,0x00000000a25e26c0,0x00000000a6b00000)
 Metaspace       used 99490K, capacity 105700K, committed 105880K, reserved 1142784K
  class space    used 12386K, capacity 13411K, committed 13480K, reserved 1048576K
}
Event: 12785.125 GC heap before
{Heap before GC invocations=42 (full 4):
 PSYoungGen      total 324096K, used 314831K [0x00000000e0000000, 0x00000000f5480000, 0x0000000100000000)
  eden space 304640K, 100% used [0x00000000e0000000,0x00000000f2980000,0x00000000f2980000)
  from space 19456K, 52% used [0x00000000f2980000,0x00000000f3373dd8,0x00000000f3c80000)
  to   space 18944K, 0% used [0x00000000f4200000,0x00000000f4200000,0x00000000f5480000)
 ParOldGen       total 109568K, used 38793K [0x00000000a0000000, 0x00000000a6b00000, 0x00000000e0000000)
  object space 109568K, 35% used [0x00000000a0000000,0x00000000a25e26c0,0x00000000a6b00000)
 Metaspace       used 99640K, capacity 105848K, committed 106136K, reserved 1142784K
  class space    used 12389K, capacity 13413K, committed 13480K, reserved 1048576K
Event: 12785.401 GC heap after
Heap after GC invocations=42 (full 4):
 PSYoungGen      total 328704K, used 14420K [0x00000000e0000000, 0x00000000f5480000, 0x0000000100000000)
  eden space 309760K, 0% used [0x00000000e0000000,0x00000000e0000000,0x00000000f2e80000)
  from space 18944K, 76% used [0x00000000f4200000,0x00000000f5015010,0x00000000f5480000)
  to   space 19456K, 0% used [0x00000000f2e80000,0x00000000f2e80000,0x00000000f4180000)
 ParOldGen       total 109568K, used 39237K [0x00000000a0000000, 0x00000000a6b00000, 0x00000000e0000000)
  object space 109568K, 35% used [0x00000000a0000000,0x00000000a2651728,0x00000000a6b00000)
 Metaspace       used 99640K, capacity 105848K, committed 106136K, reserved 1142784K
  class space    used 12389K, capacity 13413K, committed 13480K, reserved 1048576K
}
Event: 13992.694 GC heap before
{Heap before GC invocations=43 (full 4):
 PSYoungGen      total 328704K, used 324180K [0x00000000e0000000, 0x00000000f5480000, 0x0000000100000000)
  eden space 309760K, 100% used [0x00000000e0000000,0x00000000f2e80000,0x00000000f2e80000)
  from space 18944K, 76% used [0x00000000f4200000,0x00000000f5015010,0x00000000f5480000)
  to   space 19456K, 0% used [0x00000000f2e80000,0x00000000f2e80000,0x00000000f4180000)
 ParOldGen       total 109568K, used 39237K [0x00000000a0000000, 0x00000000a6b00000, 0x00000000e0000000)
  object space 109568K, 35% used [0x00000000a0000000,0x00000000a2651728,0x00000000a6b00000)
 Metaspace       used 99762K, capacity 105976K, committed 106136K, reserved 1142784K
  class space    used 12390K, capacity 13413K, committed 13480K, reserved 1048576K
Event: 13993.439 GC heap after
Heap after GC invocations=43 (full 4):
 PSYoungGen      total 329216K, used 11904K [0x00000000e0000000, 0x00000000f5780000, 0x0000000100000000)
  eden space 309760K, 0% used [0x00000000e0000000,0x00000000e0000000,0x00000000f2e80000)
  from space 19456K, 61% used [0x00000000f2e80000,0x00000000f3a203f0,0x00000000f4180000)
  to   space 18944K, 0% used [0x00000000f4500000,0x00000000f4500000,0x00000000f5780000)
 ParOldGen       total 109568K, used 39437K [0x00000000a0000000, 0x00000000a6b00000, 0x00000000e0000000)
  object space 109568K, 35% used [0x00000000a0000000,0x00000000a2683728,0x00000000a6b00000)
 Metaspace       used 99762K, capacity 105976K, committed 106136K, reserved 1142784K
  class space    used 12390K, capacity 13413K, committed 13480K, reserved 1048576K
}

